Build started 9/16/2011 7:19:07 PM.
     1>Project "C:\Users\Buddy\Documents\Visual Studio 2010\Projects\DX10 and orbit\Orbit2\Orbit2\Orbit2.vcxproj" on node 2 (build target(s)).
     1>InitializeBuildStatus:
         Creating "Debug\Orbit2.unsuccessfulbuild" because "AlwaysCreate" was specified.
       ClCompile:
         C:\Program Files (x86)\Microsoft Visual Studio 10.0\VC\bin\CL.exe /c /ZI /nologo /W3 /WX- /Od /Oy- /D _UNICODE /D UNICODE /Gm /EHsc /RTC1 /MDd /GS /fp:precise /Zc:wchar_t /Zc:forScope /Fo"Debug\\" /Fd"Debug\vc100.pdb" /Gd /TP /analyze- /errorReport:prompt OrbitMain.cpp
         OrbitMain.cpp
     1>c:\users\buddy\documents\visual studio 2010\projects\dx10 and orbit\orbit2\orbit2\orbitmain.cpp(284): warning C4244: 'initializing' : conversion from 'UINT' to 'float', possible loss of data
     1>c:\users\buddy\documents\visual studio 2010\projects\dx10 and orbit\orbit2\orbit2\orbitmain.cpp(285): warning C4244: 'initializing' : conversion from 'UINT' to 'float', possible loss of data
     1>c:\users\buddy\documents\visual studio 2010\projects\dx10 and orbit\orbit2\orbit2\orbitmain.cpp(286): warning C4244: 'initializing' : conversion from 'UINT' to 'float', possible loss of data
     1>c:\users\buddy\documents\visual studio 2010\projects\dx10 and orbit\orbit2\orbit2\orbitmain.cpp(308): warning C4244: 'argument' : conversion from 'double' to 'float', possible loss of data
     1>c:\users\buddy\documents\visual studio 2010\projects\dx10 and orbit\orbit2\orbit2\orbitmain.cpp(399): warning C4244: '+=' : conversion from 'double' to 'float', possible loss of data
     1>c:\users\buddy\documents\visual studio 2010\projects\dx10 and orbit\orbit2\orbit2\orbitmain.cpp(400): warning C4244: '-=' : conversion from 'double' to 'float', possible loss of data
     1>c:\users\buddy\documents\visual studio 2010\projects\dx10 and orbit\orbit2\orbit2\orbitmain.cpp(490): warning C4244: '=' : conversion from 'float' to 'int', possible loss of data
     1>c:\users\buddy\documents\visual studio 2010\projects\dx10 and orbit\orbit2\orbit2\orbitmain.cpp(548): warning C4244: 'initializing' : conversion from 'double' to 'float', possible loss of data
     1>c:\users\buddy\documents\visual studio 2010\projects\dx10 and orbit\orbit2\orbit2\orbitmain.cpp(800): warning C4018: '<' : signed/unsigned mismatch
     1>c:\users\buddy\documents\visual studio 2010\projects\dx10 and orbit\orbit2\orbit2\orbitmain.cpp(827): warning C4018: '<=' : signed/unsigned mismatch
       ManifestResourceCompile:
         All outputs are up-to-date.
       Link:
         C:\Program Files (x86)\Microsoft Visual Studio 10.0\VC\bin\link.exe /ERRORREPORT:PROMPT /OUT:"C:\Users\Buddy\Documents\Visual Studio 2010\Projects\DX10 and orbit\Orbit2\Debug\Orbit2.exe" /INCREMENTAL /NOLOGO d3d10.lib d3dx10d.lib dxerr.lib dxguid.lib kernel32.lib user32.lib gdi32.lib winspool.lib comdlg32.lib advapi32.lib shell32.lib ole32.lib oleaut32.lib uuid.lib odbc32.lib odbccp32.lib /MANIFEST /ManifestFile:"Debug\Orbit2.exe.intermediate.manifest" /MANIFESTUAC:"level='asInvoker' uiAccess='false'" /DEBUG /PDB:"C:\Users\Buddy\Documents\Visual Studio 2010\Projects\DX10 and orbit\Orbit2\Debug\Orbit2.pdb" /SUBSYSTEM:WINDOWS /TLBID:1 /DYNAMICBASE /NXCOMPAT /IMPLIB:"C:\Users\Buddy\Documents\Visual Studio 2010\Projects\DX10 and orbit\Orbit2\Debug\Orbit2.lib" /MACHINE:X86 /PROFILE Debug\Orbit2.exe.embed.manifest.res
         Debug\Camera.obj
         Debug\d3dApp.obj
         Debug\d3dUtil.obj
         Debug\DrawableTex2D.obj
         Debug\Effects.obj
         Debug\GameTimer.obj
         Debug\InputLayouts.obj
         Debug\Line.obj
         Debug\Mesh.obj
         Debug\OrbitMain.obj
         Debug\planets.obj
         Debug\PSystem.obj
         Debug\Sky.obj
         Debug\Sphere.obj
         Debug\TextureMgr.obj
         Debug\TreeSprites.obj
     1>LINK : warning LNK4075: ignoring '/INCREMENTAL' due to '/PROFILE' specification
     1>Camera.obj : warning LNK4075: ignoring '/EDITANDCONTINUE' due to '/OPT:REF' specification
       Manifest:
         C:\Program Files (x86)\Microsoft SDKs\Windows\v7.0A\bin\mt.exe /nologo /verbose /out:"Debug\Orbit2.exe.embed.manifest" /manifest Debug\Orbit2.exe.intermediate.manifest
         All outputs are up-to-date.
       LinkEmbedManifest:
         All outputs are up-to-date.
         Orbit2.vcxproj -> C:\Users\Buddy\Documents\Visual Studio 2010\Projects\DX10 and orbit\Orbit2\Debug\Orbit2.exe
       FinalizeBuildStatus:
         Deleting file "Debug\Orbit2.unsuccessfulbuild".
         Touching "Debug\Orbit2.lastbuildstate".
     1>Done Building Project "C:\Users\Buddy\Documents\Visual Studio 2010\Projects\DX10 and orbit\Orbit2\Orbit2\Orbit2.vcxproj" (build target(s)).

Build succeeded.

Time Elapsed 00:00:03.11
