C:\USERS\BUDDY\DOCUMENTS\VISUAL STUDIO 2010\PROJECTS\DX10 AND ORBIT\ORBIT2\DEBUG\ORBIT2.EXE
C:\USERS\BUDDY\DOCUMENTS\VISUAL STUDIO 2010\PROJECTS\DX10 AND ORBIT\ORBIT2\DEBUG\ORBIT2.ILK
C:\USERS\BUDDY\DOCUMENTS\VISUAL STUDIO 2010\PROJECTS\DX10 AND ORBIT\ORBIT2\DEBUG\ORBIT2.PDB
C:\USERS\BUDDY\DOCUMENTS\VISUAL STUDIO 2010\PROJECTS\DX10 AND ORBIT\ORBIT2\ORBIT2\DEBUG\CAMERA.OBJ
C:\Users\Buddy\Documents\Visual Studio 2010\Projects\DX10 and orbit\Orbit2\Orbit2\Debug\cl.command.1.tlog
C:\Users\Buddy\Documents\Visual Studio 2010\Projects\DX10 and orbit\Orbit2\Orbit2\Debug\CL.read.1.tlog
C:\Users\Buddy\Documents\Visual Studio 2010\Projects\DX10 and orbit\Orbit2\Orbit2\Debug\CL.write.1.tlog
C:\USERS\BUDDY\DOCUMENTS\VISUAL STUDIO 2010\PROJECTS\DX10 AND ORBIT\ORBIT2\ORBIT2\DEBUG\D3DAPP.OBJ
C:\USERS\BUDDY\DOCUMENTS\VISUAL STUDIO 2010\PROJECTS\DX10 AND ORBIT\ORBIT2\ORBIT2\DEBUG\D3DUTIL.OBJ
C:\USERS\BUDDY\DOCUMENTS\VISUAL STUDIO 2010\PROJECTS\DX10 AND ORBIT\ORBIT2\ORBIT2\DEBUG\DRAWABLETEX2D.OBJ
C:\USERS\BUDDY\DOCUMENTS\VISUAL STUDIO 2010\PROJECTS\DX10 AND ORBIT\ORBIT2\ORBIT2\DEBUG\EFFECTS.OBJ
C:\USERS\BUDDY\DOCUMENTS\VISUAL STUDIO 2010\PROJECTS\DX10 AND ORBIT\ORBIT2\ORBIT2\DEBUG\GAMETIMER.OBJ
C:\USERS\BUDDY\DOCUMENTS\VISUAL STUDIO 2010\PROJECTS\DX10 AND ORBIT\ORBIT2\ORBIT2\DEBUG\INPUTLAYOUTS.OBJ
C:\USERS\BUDDY\DOCUMENTS\VISUAL STUDIO 2010\PROJECTS\DX10 AND ORBIT\ORBIT2\ORBIT2\DEBUG\LINE.OBJ
C:\Users\Buddy\Documents\Visual Studio 2010\Projects\DX10 and orbit\Orbit2\Orbit2\Debug\link.5816.read.1.tlog
C:\Users\Buddy\Documents\Visual Studio 2010\Projects\DX10 and orbit\Orbit2\Orbit2\Debug\link.5816.write.1.tlog
C:\Users\Buddy\Documents\Visual Studio 2010\Projects\DX10 and orbit\Orbit2\Orbit2\Debug\link.5816-cvtres.read.1.tlog
C:\Users\Buddy\Documents\Visual Studio 2010\Projects\DX10 and orbit\Orbit2\Orbit2\Debug\link.5816-cvtres.write.1.tlog
C:\Users\Buddy\Documents\Visual Studio 2010\Projects\DX10 and orbit\Orbit2\Orbit2\Debug\link.command.1.tlog
C:\Users\Buddy\Documents\Visual Studio 2010\Projects\DX10 and orbit\Orbit2\Orbit2\Debug\link.read.1.tlog
C:\Users\Buddy\Documents\Visual Studio 2010\Projects\DX10 and orbit\Orbit2\Orbit2\Debug\link.write.1.tlog
C:\Users\Buddy\Documents\Visual Studio 2010\Projects\DX10 and orbit\Orbit2\Orbit2\Debug\link-cvtres.read.1.tlog
C:\Users\Buddy\Documents\Visual Studio 2010\Projects\DX10 and orbit\Orbit2\Orbit2\Debug\link-cvtres.write.1.tlog
C:\USERS\BUDDY\DOCUMENTS\VISUAL STUDIO 2010\PROJECTS\DX10 AND ORBIT\ORBIT2\ORBIT2\DEBUG\MESH.OBJ
C:\Users\Buddy\Documents\Visual Studio 2010\Projects\DX10 and orbit\Orbit2\Orbit2\Debug\mt.command.1.tlog
C:\Users\Buddy\Documents\Visual Studio 2010\Projects\DX10 and orbit\Orbit2\Orbit2\Debug\mt.read.1.tlog
C:\Users\Buddy\Documents\Visual Studio 2010\Projects\DX10 and orbit\Orbit2\Orbit2\Debug\mt.write.1.tlog
C:\USERS\BUDDY\DOCUMENTS\VISUAL STUDIO 2010\PROJECTS\DX10 AND ORBIT\ORBIT2\ORBIT2\DEBUG\ORBIT2.EXE.EMBED.MANIFEST
C:\USERS\BUDDY\DOCUMENTS\VISUAL STUDIO 2010\PROJECTS\DX10 AND ORBIT\ORBIT2\ORBIT2\DEBUG\ORBIT2.EXE.EMBED.MANIFEST.RES
C:\USERS\BUDDY\DOCUMENTS\VISUAL STUDIO 2010\PROJECTS\DX10 AND ORBIT\ORBIT2\ORBIT2\DEBUG\ORBIT2.EXE.INTERMEDIATE.MANIFEST
C:\Users\Buddy\Documents\Visual Studio 2010\Projects\DX10 and orbit\Orbit2\Orbit2\Debug\Orbit2_manifest.rc
C:\USERS\BUDDY\DOCUMENTS\VISUAL STUDIO 2010\PROJECTS\DX10 AND ORBIT\ORBIT2\ORBIT2\DEBUG\ORBITMAIN.OBJ
C:\USERS\BUDDY\DOCUMENTS\VISUAL STUDIO 2010\PROJECTS\DX10 AND ORBIT\ORBIT2\ORBIT2\DEBUG\PLANETS.OBJ
C:\USERS\BUDDY\DOCUMENTS\VISUAL STUDIO 2010\PROJECTS\DX10 AND ORBIT\ORBIT2\ORBIT2\DEBUG\PSYSTEM.OBJ
C:\Users\Buddy\Documents\Visual Studio 2010\Projects\DX10 and orbit\Orbit2\Orbit2\Debug\rc.command.1.tlog
C:\Users\Buddy\Documents\Visual Studio 2010\Projects\DX10 and orbit\Orbit2\Orbit2\Debug\rc.read.1.tlog
C:\Users\Buddy\Documents\Visual Studio 2010\Projects\DX10 and orbit\Orbit2\Orbit2\Debug\rc.write.1.tlog
C:\USERS\BUDDY\DOCUMENTS\VISUAL STUDIO 2010\PROJECTS\DX10 AND ORBIT\ORBIT2\ORBIT2\DEBUG\SKY.OBJ
C:\USERS\BUDDY\DOCUMENTS\VISUAL STUDIO 2010\PROJECTS\DX10 AND ORBIT\ORBIT2\ORBIT2\DEBUG\SPHERE.OBJ
C:\USERS\BUDDY\DOCUMENTS\VISUAL STUDIO 2010\PROJECTS\DX10 AND ORBIT\ORBIT2\ORBIT2\DEBUG\TEXTUREMGR.OBJ
C:\USERS\BUDDY\DOCUMENTS\VISUAL STUDIO 2010\PROJECTS\DX10 AND ORBIT\ORBIT2\ORBIT2\DEBUG\TREESPRITES.OBJ
C:\Users\Buddy\Documents\Visual Studio 2010\Projects\DX10 and orbit\Orbit2\Orbit2\Debug\vc100.idb
C:\USERS\BUDDY\DOCUMENTS\VISUAL STUDIO 2010\PROJECTS\DX10 AND ORBIT\ORBIT2\ORBIT2\DEBUG\VC100.PDB
